<?xml version="1.0" encoding="UTF-8"?>
<!-- Generated by org.testng.reporters.JUnitReportReporter -->
<testsuite hostname="LAPTOP-2VHGMCO4" failures="0" tests="7" name="Testng.DemoTestng" time="39.410" errors="0" timestamp="2025-02-16T12:28:52 IST" skipped="0">
  <testcase classname="Testng.DemoTestng" name="amazon" time="5.365"/>
  <testcase classname="Testng.DemoTestng" name="facebook" time="7.150"/>
  <testcase classname="Testng.DemoTestng" name="amazon" time="4.498"/>
  <testcase classname="Testng.DemoTestng" name="facebook" time="5.387"/>
  <testcase classname="Testng.DemoTestng" name="amazon" time="5.468"/>
  <testcase classname="Testng.DemoTestng" name="amazon" time="4.698"/>
  <testcase classname="Testng.DemoTestng" name="amazon" time="6.844"/>
</testsuite> <!-- Testng.DemoTestng -->
