<?xml version="1.0" encoding="UTF-8"?>
<!-- Generated by org.testng.reporters.JUnitReportReporter -->
<testsuite hostname="LAPTOP-2VHGMCO4" failures="0" tests="3" name="Executor.CucumberExecutor" time="22.484" errors="0" timestamp="2025-03-23T14:16:07 IST" skipped="0">
  <testcase classname="Executor.CucumberExecutor" name="runScenario" time="5.953"/>
  <testcase classname="Executor.CucumberExecutor" name="runScenario" time="8.874"/>
  <testcase classname="Executor.CucumberExecutor" name="runScenario" time="7.657"/>
</testsuite> <!-- Executor.CucumberExecutor -->
