<?xml version="1.0" encoding="UTF-8"?>
<!-- Generated by org.testng.reporters.JUnitReportReporter -->
<testsuite hostname="LAPTOP-2VHGMCO4" failures="0" tests="3" name="Testng.frontaccountingannotation" time="30.362" errors="0" timestamp="2025-02-16T14:30:57 IST" skipped="0">
  <testcase classname="Testng.frontaccountingannotation" name="customer" time="9.813"/>
  <testcase classname="Testng.frontaccountingannotation" name="cancelorder" time="7.510"/>
  <testcase classname="Testng.frontaccountingannotation" name="payment" time="13.039"/>
</testsuite> <!-- Testng.frontaccountingannotation -->
