<?xml version="1.0" encoding="UTF-8"?>
<!-- Generated by org.testng.reporters.JUnitReportReporter -->
<testsuite hostname="LAPTOP-2VHGMCO4" failures="0" tests="3" name="Testng.Flipkartsearchtestng" time="20.837" errors="0" timestamp="2025-03-09T13:34:52 IST" skipped="0">
  <testcase classname="Testng.Flipkartsearchtestng" name="search" time="6.377"/>
  <testcase classname="Testng.Flipkartsearchtestng" name="search" time="8.081"/>
  <testcase classname="Testng.Flipkartsearchtestng" name="search" time="6.379"/>
</testsuite> <!-- Testng.Flipkartsearchtestng -->
