<?xml version="1.0" encoding="UTF-8"?>
<!-- Generated by org.testng.reporters.JUnitReportReporter -->
<testsuite hostname="LAPTOP-2VHGMCO4" failures="0" tests="2" name="Testng.annotationsflow" time="0.025" errors="0" timestamp="2025-02-16T13:04:06 IST" skipped="0">
  <testcase classname="Testng.annotationsflow" name="demo1" time="0.008"/>
  <testcase classname="Testng.annotationsflow" name="demo" time="0.017"/>
</testsuite> <!-- Testng.annotationsflow -->
